<?xml version="1.0" encoding="UTF-8"?>
<testsuite xmlns:xsi="http://www.w3.org/2001/XMLSchema-instance" xsi:noNamespaceSchemaLocation="https://maven.apache.org/surefire/maven-surefire-plugin/xsd/surefire-test-report-3.0.xsd" version="3.0" name="helloTest" time="0.029" tests="2" errors="0" skipped="0" failures="1">
  <properties>
    <property name="sun.desktop" value="windows"/>
    <property name="awt.toolkit" value="sun.awt.windows.WToolkit"/>
    <property name="file.encoding.pkg" value="sun.io"/>
    <property name="java.specification.version" value="1.8"/>
    <property name="sun.cpu.isalist" value="amd64"/>
    <property name="sun.jnu.encoding" value="GBK"/>
    <property name="java.class.path" value="D:\code_github\learning\maven-test\maven-test\target\test-classes;D:\code_github\learning\maven-test\maven-test\target\generated-classes\cobertura;D:\MvnRepository\junit\junit\4.9\junit-4.9.jar;D:\MvnRepository\org\hamcrest\hamcrest-core\1.1\hamcrest-core-1.1.jar;D:\MvnRepository\net\sourceforge\cobertura\cobertura\2.1.1\cobertura-2.1.1.jar;D:\MvnRepository\jaxen\jaxen\1.1.4\jaxen-1.1.4.jar;D:\MvnRepository\org\apache\ant\ant\1.8.3\ant-1.8.3.jar;D:\MvnRepository\org\apache\ant\ant-launcher\1.8.3\ant-launcher-1.8.3.jar;D:\MvnRepository\org\apache\ant\ant-junit\1.8.3\ant-junit-1.8.3.jar;D:\MvnRepository\org\mortbay\jetty\servlet-api-2.5\6.1.14\servlet-api-2.5-6.1.14.jar;D:\MvnRepository\org\mortbay\jetty\jetty\6.1.14\jetty-6.1.14.jar;D:\MvnRepository\org\mortbay\jetty\jetty-util\6.1.14\jetty-util-6.1.14.jar;D:\Dev\Java\jdk1.8.0_201\jre\..\lib\tools.jar;D:\MvnRepository\org\slf4j\slf4j-api\1.7.5\slf4j-api-1.7.5.jar;D:\MvnRepository\ch\qos\logback\logback-classic\1.0.13\logback-classic-1.0.13.jar;D:\MvnRepository\ch\qos\logback\logback-core\1.0.13\logback-core-1.0.13.jar;D:\MvnRepository\org\apache\commons\commons-lang3\3.3.2\commons-lang3-3.3.2.jar;"/>
    <property name="java.vm.vendor" value="Oracle Corporation"/>
    <property name="sun.arch.data.model" value="64"/>
    <property name="user.variant" value=""/>
    <property name="java.vendor.url" value="http://java.oracle.com/"/>
    <property name="user.timezone" value="Asia/Shanghai"/>
    <property name="java.vm.specification.version" value="1.8"/>
    <property name="os.name" value="Windows 10"/>
    <property name="user.country" value="CN"/>
    <property name="sun.java.launcher" value="SUN_STANDARD"/>
    <property name="sun.boot.library.path" value="D:\Dev\Java\jdk1.8.0_201\jre\bin"/>
    <property name="sun.java.command" value="C:\Users\cai\AppData\Local\Temp\surefire6827425417790578310\surefirebooter-20240801154744205_3.jar C:\Users\cai\AppData\Local\Temp\surefire6827425417790578310 2024-08-01T15-47-44_103-jvmRun1 surefire-20240801154744205_1tmp surefire_0-20240801154744205_2tmp"/>
    <property name="surefire.test.class.path" value="D:\code_github\learning\maven-test\maven-test\target\test-classes;D:\code_github\learning\maven-test\maven-test\target\generated-classes\cobertura;D:\MvnRepository\junit\junit\4.9\junit-4.9.jar;D:\MvnRepository\org\hamcrest\hamcrest-core\1.1\hamcrest-core-1.1.jar;D:\MvnRepository\net\sourceforge\cobertura\cobertura\2.1.1\cobertura-2.1.1.jar;D:\MvnRepository\jaxen\jaxen\1.1.4\jaxen-1.1.4.jar;D:\MvnRepository\org\apache\ant\ant\1.8.3\ant-1.8.3.jar;D:\MvnRepository\org\apache\ant\ant-launcher\1.8.3\ant-launcher-1.8.3.jar;D:\MvnRepository\org\apache\ant\ant-junit\1.8.3\ant-junit-1.8.3.jar;D:\MvnRepository\org\mortbay\jetty\servlet-api-2.5\6.1.14\servlet-api-2.5-6.1.14.jar;D:\MvnRepository\org\mortbay\jetty\jetty\6.1.14\jetty-6.1.14.jar;D:\MvnRepository\org\mortbay\jetty\jetty-util\6.1.14\jetty-util-6.1.14.jar;D:\Dev\Java\jdk1.8.0_201\jre\..\lib\tools.jar;D:\MvnRepository\org\slf4j\slf4j-api\1.7.5\slf4j-api-1.7.5.jar;D:\MvnRepository\ch\qos\logback\logback-classic\1.0.13\logback-classic-1.0.13.jar;D:\MvnRepository\ch\qos\logback\logback-core\1.0.13\logback-core-1.0.13.jar;D:\MvnRepository\org\apache\commons\commons-lang3\3.3.2\commons-lang3-3.3.2.jar;"/>
    <property name="sun.cpu.endian" value="little"/>
    <property name="user.home" value="C:\Users\cai"/>
    <property name="user.language" value="zh"/>
    <property name="java.specification.vendor" value="Oracle Corporation"/>
    <property name="java.home" value="D:\Dev\Java\jdk1.8.0_201\jre"/>
    <property name="basedir" value="D:\code_github\learning\maven-test\maven-test"/>
    <property name="file.separator" value="\"/>
    <property name="line.separator" value="&#10;"/>
    <property name="java.vm.specification.vendor" value="Oracle Corporation"/>
    <property name="java.specification.name" value="Java Platform API Specification"/>
    <property name="java.awt.graphicsenv" value="sun.awt.Win32GraphicsEnvironment"/>
    <property name="surefire.real.class.path" value="C:\Users\cai\AppData\Local\Temp\surefire6827425417790578310\surefirebooter-20240801154744205_3.jar"/>
    <property name="sun.boot.class.path" value="D:\Dev\Java\jdk1.8.0_201\jre\lib\resources.jar;D:\Dev\Java\jdk1.8.0_201\jre\lib\rt.jar;D:\Dev\Java\jdk1.8.0_201\jre\lib\sunrsasign.jar;D:\Dev\Java\jdk1.8.0_201\jre\lib\jsse.jar;D:\Dev\Java\jdk1.8.0_201\jre\lib\jce.jar;D:\Dev\Java\jdk1.8.0_201\jre\lib\charsets.jar;D:\Dev\Java\jdk1.8.0_201\jre\lib\jfr.jar;D:\Dev\Java\jdk1.8.0_201\jre\classes"/>
    <property name="user.script" value=""/>
    <property name="sun.management.compiler" value="HotSpot 64-Bit Tiered Compilers"/>
    <property name="java.runtime.version" value="1.8.0_201-b09"/>
    <property name="user.name" value="cai"/>
    <property name="path.separator" value=";"/>
    <property name="os.version" value="10.0"/>
    <property name="java.endorsed.dirs" value="D:\Dev\Java\jdk1.8.0_201\jre\lib\endorsed"/>
    <property name="java.runtime.name" value="Java(TM) SE Runtime Environment"/>
    <property name="file.encoding" value="GBK"/>
    <property name="java.vm.name" value="Java HotSpot(TM) 64-Bit Server VM"/>
    <property name="localRepository" value="D:\MvnRepository"/>
    <property name="java.vendor.url.bug" value="http://bugreport.sun.com/bugreport/"/>
    <property name="java.io.tmpdir" value="C:\Users\cai\AppData\Local\Temp\"/>
    <property name="idea.version" value="2023.3.4"/>
    <property name="java.version" value="1.8.0_201"/>
    <property name="user.dir" value="D:\code_github\learning\maven-test\maven-test"/>
    <property name="os.arch" value="amd64"/>
    <property name="java.vm.specification.name" value="Java Virtual Machine Specification"/>
    <property name="java.awt.printerjob" value="sun.awt.windows.WPrinterJob"/>
    <property name="sun.os.patch.level" value=""/>
    <property name="java.library.path" value="D:\Dev\Java\jdk1.8.0_201\jre\bin;C:\Windows\Sun\Java\bin;C:\Windows\system32;C:\Windows;D:\App\VMware\VMware Workstation\bin\;C:\Windows\system32;C:\Windows;C:\Windows\System32\Wbem;C:\Windows\System32\WindowsPowerShell\v1.0\;C:\Windows\System32\OpenSSH\;D:\App\Bandizip\;D:\Dev\Java\jdk1.8.0_201\bin;C:\Program Files\MySQL\MySQL Server 5.7\bin;D:\Dev\Git\bin;D:\Dev\Apache-maven-3.9.6\bin;C:\Users\cai\AppData\Local\Microsoft\WindowsApps\Microsoft VS Code\bin;C:\Users\cai\AppData\Local\Programs\EmEditor;D:\Dev\Microsoft VS Code\bin;."/>
    <property name="java.vm.info" value="mixed mode"/>
    <property name="java.vendor" value="Oracle Corporation"/>
    <property name="java.vm.version" value="25.201-b09"/>
    <property name="java.ext.dirs" value="D:\Dev\Java\jdk1.8.0_201\jre\lib\ext;C:\Windows\Sun\Java\lib\ext"/>
    <property name="sun.io.unicode.encoding" value="UnicodeLittle"/>
    <property name="maven.repo.local" value="D:\MvnRepository"/>
    <property name="java.class.version" value="52.0"/>
  </properties>
  <testcase name="test1" classname="helloTest" time="0.009">
    <failure message="expected:&lt;0&gt; but was:&lt;1&gt;" type="java.lang.AssertionError"><![CDATA[java.lang.AssertionError: expected:<0> but was:<1>
	at org.junit.Assert.fail(Assert.java:93)
	at org.junit.Assert.failNotEquals(Assert.java:647)
	at org.junit.Assert.assertEquals(Assert.java:128)
	at org.junit.Assert.assertEquals(Assert.java:472)
	at org.junit.Assert.assertEquals(Assert.java:456)
	at helloTest.test1(helloTest.java:8)
	at sun.reflect.NativeMethodAccessorImpl.invoke0(Native Method)
	at sun.reflect.NativeMethodAccessorImpl.invoke(NativeMethodAccessorImpl.java:62)
	at sun.reflect.DelegatingMethodAccessorImpl.invoke(DelegatingMethodAccessorImpl.java:43)
	at java.lang.reflect.Method.invoke(Method.java:498)
	at org.junit.runners.model.FrameworkMethod$1.runReflectiveCall(FrameworkMethod.java:44)
	at org.junit.internal.runners.model.ReflectiveCallable.run(ReflectiveCallable.java:15)
	at org.junit.runners.model.FrameworkMethod.invokeExplosively(FrameworkMethod.java:41)
	at org.junit.internal.runners.statements.InvokeMethod.evaluate(InvokeMethod.java:20)
	at org.junit.runners.ParentRunner.runLeaf(ParentRunner.java:263)
	at org.junit.runners.BlockJUnit4ClassRunner.runChild(BlockJUnit4ClassRunner.java:69)
	at org.junit.runners.BlockJUnit4ClassRunner.runChild(BlockJUnit4ClassRunner.java:48)
	at org.junit.runners.ParentRunner$3.run(ParentRunner.java:231)
	at org.junit.runners.ParentRunner$1.schedule(ParentRunner.java:60)
	at org.junit.runners.ParentRunner.runChildren(ParentRunner.java:229)
	at org.junit.runners.ParentRunner.access$000(ParentRunner.java:50)
	at org.junit.runners.ParentRunner$2.evaluate(ParentRunner.java:222)
	at org.junit.runners.ParentRunner.run(ParentRunner.java:292)
	at org.apache.maven.surefire.junit4.JUnit4Provider.execute(JUnit4Provider.java:316)
	at org.apache.maven.surefire.junit4.JUnit4Provider.executeWithRerun(JUnit4Provider.java:240)
	at org.apache.maven.surefire.junit4.JUnit4Provider.executeTestSet(JUnit4Provider.java:214)
	at org.apache.maven.surefire.junit4.JUnit4Provider.invoke(JUnit4Provider.java:155)
	at org.apache.maven.surefire.booter.ForkedBooter.runSuitesInProcess(ForkedBooter.java:385)
	at org.apache.maven.surefire.booter.ForkedBooter.execute(ForkedBooter.java:162)
	at org.apache.maven.surefire.booter.ForkedBooter.run(ForkedBooter.java:507)
	at org.apache.maven.surefire.booter.ForkedBooter.main(ForkedBooter.java:495)
]]></failure>
  </testcase>
  <testcase name="test2" classname="helloTest" time="0.0"/>
</testsuite>